2020-04-07 11:13:27.283  WARN 19360 --- [main] ory$DuplicateJsonObjectContextCustomizer : 

Found multiple occurrences of org.json.JSONObject on the class path:

	jar:file:/C:/Users/Felix/.m2/repository/org/json/json/20190722/json-20190722.jar!/org/json/JSONObject.class
	jar:file:/C:/Users/Felix/.m2/repository/com/vaadin/external/google/android-json/0.0.20131108.vaadin1/android-json-0.0.20131108.vaadin1.jar!/org/json/JSONObject.class

You may wish to exclude one of them to ensure predictable runtime behavior

2020-04-07 11:13:27.307  INFO 19360 --- [main] c.r.b.demo.DemoApplicationTests          : Starting DemoApplicationTests on LAPTOP-KE6H9O4V with PID 19360 (started by Felix in C:\Users\Felix\Desktop\javaMVC\re21)
2020-04-07 11:13:27.307 DEBUG 19360 --- [main] c.r.b.demo.DemoApplicationTests          : Running with Spring Boot v2.2.5.RELEASE, Spring v5.2.4.RELEASE
2020-04-07 11:13:27.307  INFO 19360 --- [main] c.r.b.demo.DemoApplicationTests          : No active profile set, falling back to default profiles: default
2020-04-07 11:13:29.636  INFO 19360 --- [main] o.s.s.web.DefaultSecurityFilterChain     : Creating filter chain: any request, [org.springframework.security.web.context.request.async.WebAsyncManagerIntegrationFilter@279126f5, org.springframework.security.web.context.SecurityContextPersistenceFilter@3b4ef59f, org.springframework.security.web.header.HeaderWriterFilter@6889f56f, org.springframework.security.web.authentication.logout.LogoutFilter@686cf8ad, org.springframework.security.web.authentication.UsernamePasswordAuthenticationFilter@4f5f474c, org.springframework.security.web.authentication.ui.DefaultLoginPageGeneratingFilter@5eb87338, org.springframework.security.web.authentication.ui.DefaultLogoutPageGeneratingFilter@7781263c, org.springframework.security.web.authentication.www.BasicAuthenticationFilter@3ab595c8, org.springframework.security.web.savedrequest.RequestCacheAwareFilter@5cff729b, org.springframework.security.web.servletapi.SecurityContextHolderAwareRequestFilter@36c07c75, org.springframework.security.web.authentication.AnonymousAuthenticationFilter@5fdd97c1, org.springframework.security.web.session.SessionManagementFilter@3820cfe, org.springframework.security.web.access.ExceptionTranslationFilter@19b5214b, org.springframework.security.web.access.intercept.FilterSecurityInterceptor@70b48eb3]
2020-04-07 11:13:29.754  INFO 19360 --- [main] c.r.b.demo.DemoApplicationTests          : Started DemoApplicationTests in 2.756 seconds (JVM running for 3.51)
2020-04-07 11:13:30.249  INFO 19360 --- [main] com.alibaba.druid.pool.DruidDataSource   : {dataSource-1} inited
2020-04-07 11:13:30.360 DEBUG 19360 --- [main] c.r.bouquiniste.dao.UserMapper.getSize   : ==>  Preparing: select COUNT(user_id) from users; 
2020-04-07 11:13:30.382 DEBUG 19360 --- [main] c.r.bouquiniste.dao.UserMapper.getSize   : ==> Parameters: 
2020-04-07 11:13:30.406 DEBUG 19360 --- [main] c.r.bouquiniste.dao.UserMapper.getSize   : <==      Total: 1
2020-04-07 11:13:30.409 DEBUG 19360 --- [main] c.r.b.dao.UserMapper.getUserByUsername   : ==>  Preparing: select * from users where username = ?; 
2020-04-07 11:13:30.409 DEBUG 19360 --- [main] c.r.b.dao.UserMapper.getUserByUsername   : ==> Parameters: tang(String)
2020-04-07 11:13:30.416 DEBUG 19360 --- [main] c.r.b.dao.UserMapper.getUserByUsername   : <==      Total: 1
2020-04-07 11:13:30.417 DEBUG 19360 --- [main] c.r.b.demo.DemoApplicationTests          : gestion echoue
2020-04-07 11:13:30.421 DEBUG 19360 --- [main] c.r.b.dao.BookMapper.getAllBooks         : ==>  Preparing: select * from books 
2020-04-07 11:13:30.421 DEBUG 19360 --- [main] c.r.b.dao.BookMapper.getAllBooks         : ==> Parameters: 
2020-04-07 11:13:30.424 DEBUG 19360 --- [main] c.r.b.dao.BookMapper.getAllBooks         : <==      Total: 12
2020-04-07 11:13:30.429 DEBUG 19360 --- [main] c.r.b.d.B.getBookByNameAndUserId         : ==>  Preparing: select * from books where book_name LIKE "%"?"%" and ? in (Select user_id from book_user where book_id = books.book_id) 
2020-04-07 11:13:30.430 DEBUG 19360 --- [main] c.r.b.d.B.getBookByNameAndUserId         : ==> Parameters: 2(String), 1(Integer)
2020-04-07 11:13:30.432 DEBUG 19360 --- [main] c.r.b.d.B.getBookByNameAndUserId         : <==      Total: 2
2020-04-07 11:13:30.457  INFO 19360 --- [SpringContextShutdownHook] com.alibaba.druid.pool.DruidDataSource   : {dataSource-1} closing ...
2020-04-07 11:13:30.466  INFO 19360 --- [SpringContextShutdownHook] com.alibaba.druid.pool.DruidDataSource   : {dataSource-1} closed
2020-04-07 11:20:02.857  WARN 11976 --- [main] ory$DuplicateJsonObjectContextCustomizer : 

Found multiple occurrences of org.json.JSONObject on the class path:

	jar:file:/C:/Users/Felix/.m2/repository/org/json/json/20190722/json-20190722.jar!/org/json/JSONObject.class
	jar:file:/C:/Users/Felix/.m2/repository/com/vaadin/external/google/android-json/0.0.20131108.vaadin1/android-json-0.0.20131108.vaadin1.jar!/org/json/JSONObject.class

You may wish to exclude one of them to ensure predictable runtime behavior

2020-04-07 11:20:02.870  INFO 11976 --- [main] c.r.b.demo.DemoApplicationTests          : Starting DemoApplicationTests on LAPTOP-KE6H9O4V with PID 11976 (started by Felix in C:\Users\Felix\Desktop\javaMVC\re21)
2020-04-07 11:20:02.870 DEBUG 11976 --- [main] c.r.b.demo.DemoApplicationTests          : Running with Spring Boot v2.2.5.RELEASE, Spring v5.2.4.RELEASE
2020-04-07 11:20:02.871  INFO 11976 --- [main] c.r.b.demo.DemoApplicationTests          : No active profile set, falling back to default profiles: default
2020-04-07 11:20:05.055  INFO 11976 --- [main] o.s.s.web.DefaultSecurityFilterChain     : Creating filter chain: any request, [org.springframework.security.web.context.request.async.WebAsyncManagerIntegrationFilter@4a1a412e, org.springframework.security.web.context.SecurityContextPersistenceFilter@7e3d2ebd, org.springframework.security.web.header.HeaderWriterFilter@212fafd1, org.springframework.security.web.authentication.logout.LogoutFilter@46a8c2b4, org.springframework.security.web.authentication.UsernamePasswordAuthenticationFilter@77083e41, org.springframework.security.web.authentication.ui.DefaultLoginPageGeneratingFilter@231b35fb, org.springframework.security.web.authentication.ui.DefaultLogoutPageGeneratingFilter@c568f91, org.springframework.security.web.authentication.www.BasicAuthenticationFilter@5333f08f, org.springframework.security.web.savedrequest.RequestCacheAwareFilter@4f3356c0, org.springframework.security.web.servletapi.SecurityContextHolderAwareRequestFilter@4aaecabd, org.springframework.security.web.authentication.AnonymousAuthenticationFilter@5fd43e58, org.springframework.security.web.session.SessionManagementFilter@132e3594, org.springframework.security.web.access.ExceptionTranslationFilter@5a2ae1ab, org.springframework.security.web.access.intercept.FilterSecurityInterceptor@234cd86c]
2020-04-07 11:20:05.169  INFO 11976 --- [main] c.r.b.demo.DemoApplicationTests          : Started DemoApplicationTests in 2.572 seconds (JVM running for 3.247)
2020-04-07 11:20:05.581  INFO 11976 --- [main] com.alibaba.druid.pool.DruidDataSource   : {dataSource-1} inited
2020-04-07 11:20:05.703 DEBUG 11976 --- [main] c.r.bouquiniste.dao.UserMapper.getSize   : ==>  Preparing: select COUNT(user_id) from users; 
2020-04-07 11:20:05.724 DEBUG 11976 --- [main] c.r.bouquiniste.dao.UserMapper.getSize   : ==> Parameters: 
2020-04-07 11:20:05.746 DEBUG 11976 --- [main] c.r.bouquiniste.dao.UserMapper.getSize   : <==      Total: 1
2020-04-07 11:20:05.748 DEBUG 11976 --- [main] c.r.b.dao.UserMapper.getUserByUsername   : ==>  Preparing: select * from users where username = ?; 
2020-04-07 11:20:05.748 DEBUG 11976 --- [main] c.r.b.dao.UserMapper.getUserByUsername   : ==> Parameters: tang(String)
2020-04-07 11:20:05.751 DEBUG 11976 --- [main] c.r.b.dao.UserMapper.getUserByUsername   : <==      Total: 1
2020-04-07 11:20:05.752 DEBUG 11976 --- [main] c.r.b.demo.DemoApplicationTests          : gestion echoue
2020-04-07 11:20:05.755 DEBUG 11976 --- [main] c.r.b.dao.BookMapper.getAllBooks         : ==>  Preparing: select * from books 
2020-04-07 11:20:05.756 DEBUG 11976 --- [main] c.r.b.dao.BookMapper.getAllBooks         : ==> Parameters: 
2020-04-07 11:20:05.759 DEBUG 11976 --- [main] c.r.b.dao.BookMapper.getAllBooks         : <==      Total: 13
2020-04-07 11:20:05.765 DEBUG 11976 --- [main] c.r.b.d.B.getBookByNameAndUserId         : ==>  Preparing: select * from books where book_name LIKE "%"?"%" and ? in (Select user_id from book_user where book_id = books.book_id) 
2020-04-07 11:20:05.765 DEBUG 11976 --- [main] c.r.b.d.B.getBookByNameAndUserId         : ==> Parameters: 2(String), 1(Integer)
2020-04-07 11:20:05.767 DEBUG 11976 --- [main] c.r.b.d.B.getBookByNameAndUserId         : <==      Total: 2
2020-04-07 11:20:05.787  INFO 11976 --- [SpringContextShutdownHook] com.alibaba.druid.pool.DruidDataSource   : {dataSource-1} closing ...
2020-04-07 11:20:05.795  INFO 11976 --- [SpringContextShutdownHook] com.alibaba.druid.pool.DruidDataSource   : {dataSource-1} closed
2020-04-07 14:09:53.397  WARN 14500 --- [main] ory$DuplicateJsonObjectContextCustomizer : 

Found multiple occurrences of org.json.JSONObject on the class path:

	jar:file:/C:/Users/Felix/.m2/repository/org/json/json/20190722/json-20190722.jar!/org/json/JSONObject.class
	jar:file:/C:/Users/Felix/.m2/repository/com/vaadin/external/google/android-json/0.0.20131108.vaadin1/android-json-0.0.20131108.vaadin1.jar!/org/json/JSONObject.class

You may wish to exclude one of them to ensure predictable runtime behavior

2020-04-07 14:09:53.411  INFO 14500 --- [main] c.r.b.demo.DemoApplicationTests          : Starting DemoApplicationTests on LAPTOP-KE6H9O4V with PID 14500 (started by Felix in C:\Users\Felix\Desktop\javaMVC\re21)
2020-04-07 14:09:53.412 DEBUG 14500 --- [main] c.r.b.demo.DemoApplicationTests          : Running with Spring Boot v2.2.5.RELEASE, Spring v5.2.4.RELEASE
2020-04-07 14:09:53.412  INFO 14500 --- [main] c.r.b.demo.DemoApplicationTests          : No active profile set, falling back to default profiles: default
2020-04-07 14:09:55.559  INFO 14500 --- [main] o.s.s.web.DefaultSecurityFilterChain     : Creating filter chain: any request, [org.springframework.security.web.context.request.async.WebAsyncManagerIntegrationFilter@14d8e132, org.springframework.security.web.context.SecurityContextPersistenceFilter@28d739f1, org.springframework.security.web.header.HeaderWriterFilter@581c9bb7, org.springframework.security.web.authentication.logout.LogoutFilter@1785d194, org.springframework.security.web.authentication.UsernamePasswordAuthenticationFilter@7b8ea1db, org.springframework.security.web.authentication.ui.DefaultLoginPageGeneratingFilter@544e3679, org.springframework.security.web.authentication.ui.DefaultLogoutPageGeneratingFilter@7f4a1cac, org.springframework.security.web.authentication.www.BasicAuthenticationFilter@48e41b5d, org.springframework.security.web.savedrequest.RequestCacheAwareFilter@2b43f314, org.springframework.security.web.servletapi.SecurityContextHolderAwareRequestFilter@19b5214b, org.springframework.security.web.authentication.AnonymousAuthenticationFilter@4a1a412e, org.springframework.security.web.session.SessionManagementFilter@448462f0, org.springframework.security.web.access.ExceptionTranslationFilter@2b6fb197, org.springframework.security.web.access.intercept.FilterSecurityInterceptor@743c3520]
2020-04-07 14:09:55.676  INFO 14500 --- [main] c.r.b.demo.DemoApplicationTests          : Started DemoApplicationTests in 2.54 seconds (JVM running for 3.195)
2020-04-07 14:09:56.092  INFO 14500 --- [main] com.alibaba.druid.pool.DruidDataSource   : {dataSource-1} inited
2020-04-07 14:09:56.194 DEBUG 14500 --- [main] c.r.bouquiniste.dao.UserMapper.getSize   : ==>  Preparing: select COUNT(user_id) from users; 
2020-04-07 14:09:56.215 DEBUG 14500 --- [main] c.r.bouquiniste.dao.UserMapper.getSize   : ==> Parameters: 
2020-04-07 14:09:56.245 DEBUG 14500 --- [main] c.r.bouquiniste.dao.UserMapper.getSize   : <==      Total: 1
2020-04-07 14:09:56.248 DEBUG 14500 --- [main] c.r.b.dao.UserMapper.getUserByUsername   : ==>  Preparing: select * from users where username = ?; 
2020-04-07 14:09:56.249 DEBUG 14500 --- [main] c.r.b.dao.UserMapper.getUserByUsername   : ==> Parameters: tang(String)
2020-04-07 14:09:56.252 DEBUG 14500 --- [main] c.r.b.dao.UserMapper.getUserByUsername   : <==      Total: 1
2020-04-07 14:09:56.252 DEBUG 14500 --- [main] c.r.b.demo.DemoApplicationTests          : gestion echoue
2020-04-07 14:09:56.255 DEBUG 14500 --- [main] c.r.b.dao.BookMapper.getAllBooks         : ==>  Preparing: select * from books 
2020-04-07 14:09:56.256 DEBUG 14500 --- [main] c.r.b.dao.BookMapper.getAllBooks         : ==> Parameters: 
2020-04-07 14:09:56.257 DEBUG 14500 --- [main] c.r.b.dao.BookMapper.getAllBooks         : <==      Total: 0
2020-04-07 14:09:56.261 DEBUG 14500 --- [main] c.r.b.d.B.getBookByNameAndUserId         : ==>  Preparing: select * from books where book_name LIKE "%"?"%" and ? in (Select user_id from book_user where book_id = books.book_id) 
2020-04-07 14:09:56.261 DEBUG 14500 --- [main] c.r.b.d.B.getBookByNameAndUserId         : ==> Parameters: 2(String), 1(Integer)
2020-04-07 14:09:56.262 DEBUG 14500 --- [main] c.r.b.d.B.getBookByNameAndUserId         : <==      Total: 0
2020-04-07 14:09:56.289  INFO 14500 --- [SpringContextShutdownHook] com.alibaba.druid.pool.DruidDataSource   : {dataSource-1} closing ...
2020-04-07 14:09:56.298  INFO 14500 --- [SpringContextShutdownHook] com.alibaba.druid.pool.DruidDataSource   : {dataSource-1} closed
